<?xml version="1.0" encoding="utf-8"?><testsuites name="pytest tests"><testsuite name="pytest" errors="0" failures="0" skipped="0" tests="4" time="1.250" timestamp="2026-06-21T00:59:29.661350+00:00" hostname="agent-env-e057735e-8dc3-4f96-b377-1428daf43556"><testcase classname="backend.tests.test_presets_skyrim.TestPresetsSeed" name="test_list_presets_contains_skyrim" time="0.230" /><testcase classname="backend.tests.test_presets_skyrim.TestUsePreset" name="test_use_skyrim_clones_into_new_campaign" time="0.330" /><testcase classname="backend.tests.test_presets_skyrim.TestSaveAsPreset" name="test_save_campaign_as_preset_roundtrip" time="0.307" /><testcase classname="backend.tests.test_presets_skyrim.TestImportRegression" name="test_import_clones_nested_maps_and_remaps_pins" time="0.131" /></testsuite></testsuites>