<?xml version="1.0" encoding="utf-8"?><testsuites name="pytest tests"><testsuite name="pytest" errors="0" failures="0" skipped="0" tests="14" time="25.543" timestamp="2026-06-19T21:14:21.178235+00:00" hostname="agent-env-2ecd9154-3155-4092-a449-91aa925af7d6"><testcase classname="backend.tests.test_backend" name="test_root" time="0.238" /><testcase classname="backend.tests.test_backend" name="test_create_campaign" time="0.051" /><testcase classname="backend.tests.test_backend" name="test_list_campaigns" time="0.060" /><testcase classname="backend.tests.test_backend" name="test_get_campaign" time="0.050" /><testcase classname="backend.tests.test_backend" name="test_patch_campaign" time="0.100" /><testcase classname="backend.tests.test_backend" name="test_root_map_auto_created" time="0.051" /><testcase classname="backend.tests.test_backend" name="test_list_maps_has_root" time="0.049" /><testcase classname="backend.tests.test_backend" name="test_create_submap" time="0.050" /><testcase classname="backend.tests.test_backend" name="test_patch_map_layers_pins_roundtrip" time="0.102" /><testcase classname="backend.tests.test_backend" name="test_delete_parent_cascades" time="0.259" /><testcase classname="backend.tests.test_backend" name="test_ai_redraw_invalid_model" time="0.056" /><testcase classname="backend.tests.test_backend" name="test_ai_redraw_openai" time="16.254" /><testcase classname="backend.tests.test_backend" name="test_ai_redraw_gemini" time="7.894" /><testcase classname="backend.tests.test_backend" name="test_zz_delete_campaign" time="0.156" /></testsuite></testsuites>