<?xml version="1.0" encoding="utf-8"?><testsuites name="pytest tests"><testsuite name="pytest" errors="0" failures="0" skipped="0" tests="6" time="1.278" timestamp="2026-06-20T01:46:45.246223+00:00" hostname="agent-env-2ecd9154-3155-4092-a449-91aa925af7d6"><testcase classname="backend.tests.test_export_import" name="test_export_returns_bundle" time="0.436" /><testcase classname="backend.tests.test_export_import" name="test_export_404" time="0.054" /><testcase classname="backend.tests.test_export_import" name="test_import_round_trip" time="0.233" /><testcase classname="backend.tests.test_export_import" name="test_import_with_rename" time="0.159" /><testcase classname="backend.tests.test_export_import" name="test_import_invalid_payload" time="0.107" /><testcase classname="backend.tests.test_export_import" name="test_import_empty_maps_guarantees_root" time="0.203" /></testsuite></testsuites>